<?xml version="1.0" encoding="UTF-8"?>
<testng-results skipped="0" failed="0" ignored="0" total="1" passed="1">
  <reporter-output>
  </reporter-output>
  <suite name="Default suite" duration-ms="700" started-at="2020-07-01T19:45:54 IST" finished-at="2020-07-01T19:45:55 IST">
    <groups>
    </groups>
    <test name="Default test" duration-ms="700" started-at="2020-07-01T19:45:54 IST" finished-at="2020-07-01T19:45:55 IST">
      <class name="test.HandlingDB">
        <test-method status="PASS" signature="testDB()[pri:0, instance:test.HandlingDB@551aa95a]" name="testDB" duration-ms="621" started-at="2020-07-01T19:45:54 IST" finished-at="2020-07-01T19:45:55 IST">
          <reporter-output>
          </reporter-output>
        </test-method> <!-- testDB -->
      </class> <!-- test.HandlingDB -->
    </test> <!-- Default test -->
  </suite> <!-- Default suite -->
</testng-results>
